chatapp/app/build/intermediates/manifest_merge_blame_file/release/manifest-merger-blame-release-report.txt
1<?xml version="1.0" encoding="utf-8"?>
2<manifest xmlns:android="http://schemas.android.com/apk/res/android"
3    package="chatapp.ce2022"
4    android:versionCode="1"
5    android:versionName="1.0" >
6
7    <uses-sdk
8        android:minSdkVersion="23"
8-->src\main\AndroidManifest.xml
9        android:targetSdkVersion="32" />
9-->src\main\AndroidManifest.xml
10
11    <uses-permission android:name="android.permission.INTERNET" />
11-->src\main\AndroidManifest.xml:5:5-66
11-->src\main\AndroidManifest.xml:5:22-64
12    <uses-permission android:name="android.permission.ACCESS_NETWORK_STATE" />
12-->src\main\AndroidManifest.xml:6:5-78
12-->src\main\AndroidManifest.xml:6:22-76
13    <uses-permission android:name="android.permission.READ_EXTERNAL_STORAGE" />
13-->src\main\AndroidManifest.xml:7:5-79
13-->src\main\AndroidManifest.xml:7:22-77
14    <uses-permission android:name="android.permission.WRITE_EXTERNAL_STORAGE" />
14-->src\main\AndroidManifest.xml:8:5-80
14-->src\main\AndroidManifest.xml:8:22-78
15    <uses-permission android:name="android.permission.ACCESS_FINE_LOCATION" />
15-->src\main\AndroidManifest.xml:9:5-78
15-->src\main\AndroidManifest.xml:9:22-76
16    <uses-permission android:name="android.permission.ACCESS_COARSE_LOCATION" />
16-->src\main\AndroidManifest.xml:10:5-80
16-->src\main\AndroidManifest.xml:10:22-78
17
18    <application
18-->src\main\AndroidManifest.xml:13:5-47:19
19        android:allowBackup="true"
19-->src\main\AndroidManifest.xml:15:9-35
20        android:appComponentFactory="androidx.core.app.CoreComponentFactory"
20-->[androidx.core:core:1.5.0] AndroidManifest.xml:24:18-86
21        android:extractNativeLibs="false"
22        android:icon="@mipmap/ic_launcher"
22-->src\main\AndroidManifest.xml:16:9-43
23        android:label="짤톡"
23-->src\main\AndroidManifest.xml:17:9-27
24        android:roundIcon="@mipmap/ic_launcher_round"
24-->src\main\AndroidManifest.xml:18:9-54
25        android:supportsRtl="true"
25-->src\main\AndroidManifest.xml:19:9-35
26        android:theme="@style/Theme.Chat"
26-->src\main\AndroidManifest.xml:20:9-42
27        android:usesCleartextTraffic="true" >
27-->src\main\AndroidManifest.xml:14:9-44
28        <activity
28-->src\main\AndroidManifest.xml:21:9-23:40
29            android:name="chatapp.ce2022.EditProfile_Activity"
29-->src\main\AndroidManifest.xml:22:13-49
30            android:exported="false" />
30-->src\main\AndroidManifest.xml:23:13-37
31        <activity
31-->src\main\AndroidManifest.xml:24:9-28:61
32            android:name="chatapp.ce2022.SignUp_Activity"
32-->src\main\AndroidManifest.xml:25:13-44
33            android:exported="false"
33-->src\main\AndroidManifest.xml:26:13-37
34            android:label="@string/title_activity_sign_up"
34-->src\main\AndroidManifest.xml:27:13-59
35            android:theme="@style/Theme.Chat.NoActionBar" />
35-->src\main\AndroidManifest.xml:28:13-58
36        <activity
36-->src\main\AndroidManifest.xml:29:9-31:40
37            android:name="chatapp.ce2022.User_List"
37-->src\main\AndroidManifest.xml:30:13-38
38            android:exported="false" />
38-->src\main\AndroidManifest.xml:31:13-37
39        <activity
39-->src\main\AndroidManifest.xml:32:9-34:40
40            android:name="chatapp.ce2022.Chat_List"
40-->src\main\AndroidManifest.xml:33:13-38
41            android:exported="false" />
41-->src\main\AndroidManifest.xml:34:13-37
42        <activity
42-->src\main\AndroidManifest.xml:35:9-37:40
43            android:name="chatapp.ce2022.Chat_Activity"
43-->src\main\AndroidManifest.xml:36:13-42
44            android:exported="false" />
44-->src\main\AndroidManifest.xml:37:13-37
45        <activity
45-->src\main\AndroidManifest.xml:38:9-46:20
46            android:name="chatapp.ce2022.Login_Activity"
46-->src\main\AndroidManifest.xml:39:13-43
47            android:exported="true" >
47-->src\main\AndroidManifest.xml:40:13-36
48            <intent-filter>
48-->src\main\AndroidManifest.xml:41:13-45:29
49                <action android:name="android.intent.action.MAIN" />
49-->src\main\AndroidManifest.xml:42:17-69
49-->src\main\AndroidManifest.xml:42:25-66
50
51                <category android:name="android.intent.category.LAUNCHER" />
51-->src\main\AndroidManifest.xml:44:17-77
51-->src\main\AndroidManifest.xml:44:27-74
52            </intent-filter>
53        </activity>
54    </application>
55
56</manifest>